d:\software\c&c++\visual studio\project\four-fundamental-operations\four-fundamental-operations\x64\debug\vc143.pdb
d:\software\c&c++\visual studio\project\four-fundamental-operations\four-fundamental-operations\x64\debug\vc143.idb
d:\software\c&c++\visual studio\project\four-fundamental-operations\four-fundamental-operations\x64\debug\question.obj
d:\software\c&c++\visual studio\project\four-fundamental-operations\four-fundamental-operations\x64\debug\main.obj
d:\software\c&c++\visual studio\project\four-fundamental-operations\four-fundamental-operations\x64\debug\language.obj
d:\software\c&c++\visual studio\project\four-fundamental-operations\four-fundamental-operations\x64\debug\fraction.obj
d:\software\c&c++\visual studio\project\four-fundamental-operations\x64\debug\four-fundamental-operations.pdb
d:\software\c&c++\visual studio\project\four-fundamental-operations\four-fundamental-operations\x64\debug\four-fun.6d521485.tlog\cl.command.1.tlog
d:\software\c&c++\visual studio\project\four-fundamental-operations\four-fundamental-operations\x64\debug\four-fun.6d521485.tlog\cl.read.1.tlog
d:\software\c&c++\visual studio\project\four-fundamental-operations\four-fundamental-operations\x64\debug\four-fun.6d521485.tlog\cl.write.1.tlog
d:\software\c&c++\visual studio\project\four-fundamental-operations\four-fundamental-operations\x64\debug\four-fun.6d521485.tlog\link.34668-cvtres.read.1.tlog
d:\software\c&c++\visual studio\project\four-fundamental-operations\four-fundamental-operations\x64\debug\four-fun.6d521485.tlog\link.34668-cvtres.write.1.tlog
d:\software\c&c++\visual studio\project\four-fundamental-operations\four-fundamental-operations\x64\debug\four-fun.6d521485.tlog\link.34668-rc.read.1.tlog
d:\software\c&c++\visual studio\project\four-fundamental-operations\four-fundamental-operations\x64\debug\four-fun.6d521485.tlog\link.34668-rc.write.1.tlog
d:\software\c&c++\visual studio\project\four-fundamental-operations\four-fundamental-operations\x64\debug\four-fun.6d521485.tlog\link.34668.read.1.tlog
d:\software\c&c++\visual studio\project\four-fundamental-operations\four-fundamental-operations\x64\debug\four-fun.6d521485.tlog\link.34668.read.2.tlog
d:\software\c&c++\visual studio\project\four-fundamental-operations\four-fundamental-operations\x64\debug\four-fun.6d521485.tlog\link.34668.write.1.tlog
d:\software\c&c++\visual studio\project\four-fundamental-operations\four-fundamental-operations\x64\debug\four-fun.6d521485.tlog\link.command.1.tlog
d:\software\c&c++\visual studio\project\four-fundamental-operations\four-fundamental-operations\x64\debug\four-fun.6d521485.tlog\link.read.1.tlog
d:\software\c&c++\visual studio\project\four-fundamental-operations\four-fundamental-operations\x64\debug\four-fun.6d521485.tlog\link.write.1.tlog
